walletlens_source/source/app/build/outputs/mapping/release/seeds.txt
live.walletlens.twa.PeriodicUpdateWorker
live.walletlens.twa.LauncherActivity
live.walletlens.twa.DelegationService
live.walletlens.twa.Application
live.walletlens.twa.LauncherActivity: LauncherActivity()
live.walletlens.twa.PeriodicUpdateWorker: PeriodicUpdateWorker(android.content.Context,androidx.work.WorkerParameters)
live.walletlens.twa.DelegationService: DelegationService()
live.walletlens.twa.Application: Application()
...
kotlin.internal.jdk8.JDK8PlatformImplementations
com.google.firebase.analytics.FirebaseAnalytics
kotlin.internal.jdk7.JDK7PlatformImplementations
androidx.work.impl.background.systemalarm.SystemAlarmService
androidx.lifecycle.ProcessLifecycleOwner$attach$1$onActivityPreCreated$1
androidx.core.graphics.drawable.IconCompat
androidx.appcompat.widget.ActionBarContextView
com.google.android.gms.common.GooglePlayServicesManifestException
com.google.firebase.ktx.FirebaseCommonKtxRegistrar
androidx.fragment.app.FragmentManager$6
androidx.browser.browseractions.BrowserActionsFallbackMenuView
androidx.work.impl.WorkDatabase
com.google.android.gms.common.util.DynamiteApi
androidx.appcompat.widget.FitWindowsLinearLayout
androidx.appcompat.widget.Toolbar
androidx.activity.ImmLeaksCleaner
androidx.lifecycle.ReflectiveGenericLifecycleObserver
androidx.work.Worker
androidx.core.graphics.drawable.IconCompatParcelizer
androidx.lifecycle.LiveData$LifecycleBoundObserver
com.google.firebase.FirebaseCommonKtxRegistrar
androidx.work.impl.utils.ForceStopRunnable$BroadcastReceiver
androidx.appcompat.widget.ActivityChooserView$InnerLayout
androidx.core.widget.NestedScrollView
androidx.work.impl.background.systemjob.SystemJobService
androidx.work.OverwritingInputMerger
kotlinx.coroutines.android.AndroidDispatcherFactory
com.google.android.gms.common.internal.ReflectedParcelable
androidx.appcompat.widget.FitWindowsFrameLayout
androidx.versionedparcelable.ParcelImpl
androidx.appcompat.widget.ActionBarContainer
androidx.fragment.app.Fragment$6
com.google.android.gms.common.SupportErrorDialogFragment
com.google.android.gms.measurement.AppMeasurement$ConditionalUserProperty
com.google.android.gms.common.api.internal.zzd
androidx.appcompat.widget.AlertDialogLayout
com.google.android.gms.common.api.internal.zza
androidx.lifecycle.LifecycleCoroutineScopeImpl
androidx.core.app.RemoteActionCompatParcelizer
com.google.android.gms.dynamite.descriptors.com.google.android.gms.measurement.dynamite.ModuleDescriptor
androidx.lifecycle.SavedStateHandleController
com.google.firebase.provider.FirebaseInitProvider
androidx.core.app.RemoteActionCompat
androidx.appcompat.widget.ViewStubCompat
com.google.firebase.ktx.FirebaseCommonLegacyRegistrar
android.support.v4.graphics.drawable.IconCompatParcelizer
androidx.lifecycle.LifecycleDispatcher$DispatcherActivityCallback
androidx.appcompat.view.menu.ActionMenuItemView
androidx.work.WorkManagerInitializer
androidx.lifecycle.SavedStateHandleAttacher
androidx.lifecycle.CompositeGeneratedAdaptersObserver
com.google.android.gms.measurement.internal.AppMeasurementDynamiteService
androidx.work.impl.background.systemalarm.ConstraintProxyUpdateReceiver
androidx.appcompat.widget.ContentFrameLayout
com.google.androidbrowserhelper.trusted.NotificationPermissionRequestActivity
androidx.activity.OnBackPressedDispatcher$LifecycleOnBackPressedCancellable
kotlinx.coroutines.internal.StackTraceRecoveryKt
androidx.work.impl.diagnostics.DiagnosticsReceiver
androidx.lifecycle.ReportFragment$LifecycleCallbacks
com.google.firebase.components.ComponentRegistrar
com.google.firebase.installations.FirebaseInstallationsKtxRegistrar
androidx.work.CoroutineWorker
androidx.appcompat.widget.DialogTitle
androidx.loader.app.LoaderManagerImpl$LoaderViewModel
androidx.versionedparcelable.CustomVersionedParcelable
com.google.androidbrowserhelper.trusted.WebViewFallbackActivity
androidx.work.impl.background.systemalarm.ConstraintProxy$NetworkStateProxy
androidx.room.MultiInstanceInvalidationService
androidx.lifecycle.SingleGeneratedAdapterObserver
androidx.savedstate.Recreator
androidx.work.impl.foreground.SystemForegroundService
com.google.android.gms.common.ErrorDialogFragment
com.google.android.gms.auth.api.signin.GoogleSignInAccount
com.google.android.gms.common.GooglePlayServicesMissingManifestValueException
androidx.lifecycle.ReportFragment
kotlin.coroutines.jvm.internal.BaseContinuationImpl
com.google.firebase.components.ComponentDiscoveryService