walletlens_source/source/app/build/outputs/mapping/release/usage.txt
live.walletlens.twa.AnalyticsHelper:
    private static final java.lang.String EVENT_APP_LAUNCH
    private static final java.lang.String EVENT_DEEP_LINK
    private static final java.lang.String EVENT_SESSION_END
    private static final java.lang.String PARAM_LAUNCH_URL
    private static final java.lang.String PARAM_SCREEN_CLASS
    private static final java.lang.String PARAM_SCREEN_NAME
    private static final java.lang.String PARAM_SESSION_DURATION
    private static final java.lang.String TAG
live.walletlens.twa.Application:
    private static final java.lang.String TAG
live.walletlens.twa.LauncherActivity:
    private static final java.lang.String TAG
live.walletlens.twa.NotificationHelper:
    public static final java.lang.String CHANNEL_ALERTS_ID
    public static final java.lang.String CHANNEL_ALERTS_NAME
    public static final java.lang.String CHANNEL_GENERAL_ID
    public static final java.lang.String CHANNEL_GENERAL_NAME
    public static final java.lang.String EXTRA_TARGET_URL
    private static final java.lang.String TAG
    public static java.lang.String getTargetUrlFromIntent(android.content.Intent)
live.walletlens.twa.NotificationScheduler:
    private static final long INTERVAL_HOURS
    private static final java.lang.String TAG
    private static final java.lang.String WORK_NAME
    public void <init>()
    public static void cancel(android.content.Context)
live.walletlens.twa.PeriodicUpdateWorker:
    private static final java.lang.String COINGECKO_URL
    private static final java.lang.String FEATURES_URL
    private static final java.lang.String KEY_ANNOUNCE_VERSION
    private static final java.lang.String KEY_LAST_PRICES
    private static final java.lang.String PREFS_NAME
    private static final java.lang.String TAG
live.walletlens.twa.R$bool
live.walletlens.twa.R$color
live.walletlens.twa.R$drawable
live.walletlens.twa.R$integer
live.walletlens.twa.R$mipmap
live.walletlens.twa.R$raw
live.walletlens.twa.R$string
live.walletlens.twa.R$xml
live.walletlens.twa.R
live.walletlens.twa.NotificationHelper:
    public void showNotification(java.lang.String,java.lang.String,java.lang.String,java.lang.String)
live.walletlens.twa.PeriodicUpdateWorker:
    private boolean checkFeatures()
...
androidx.browser.trusted.FutureUtils
androidx.browser.trusted.LaunchHandlerClientMode$ClientMode
androidx.browser.trusted.LaunchHandlerClientMode
androidx.browser.trusted.NotificationApiHelperForM:
    private void <init>()
androidx.browser.trusted.NotificationApiHelperForO:
    private void <init>()
androidx.browser.trusted.PackageIdentityUtils:
    private static final java.lang.String TAG
    private void <init>()
androidx.browser.trusted.ScreenOrientation$LockType
androidx.browser.trusted.ScreenOrientation
androidx.browser.trusted.Token:
    private static final java.lang.String TAG
androidx.browser.trusted.TokenContents:
    public int getFingerprintCount()
androidx.browser.trusted.TrustedWebActivityCallback
androidx.browser.trusted.TrustedWebActivityCallbackRemote:
    public void runExtraCallback(java.lang.String,android.os.Bundle)
androidx.browser.trusted.TrustedWebActivityDisplayMode$BrowserMode:
    private static final int ID
androidx.browser.trusted.TrustedWebActivityDisplayMode$DefaultMode:
    private static final int ID
androidx.browser.trusted.TrustedWebActivityDisplayMode$ImmersiveMode:
    private static final int ID
    public static final java.lang.String KEY_CUTOUT_MODE
    public static final java.lang.String KEY_STICKY
    static androidx.browser.trusted.TrustedWebActivityDisplayMode fromBundle(android.os.Bundle)
    public boolean isSticky()
    public int layoutInDisplayCutoutMode()
androidx.browser.trusted.TrustedWebActivityDisplayMode$MinimalUiMode:
    private static final int ID
androidx.browser.trusted.TrustedWebActivityDisplayMode:
    public static final java.lang.String KEY_ID
    public static androidx.browser.trusted.TrustedWebActivityDisplayMode fromBundle(android.os.Bundle)
androidx.browser.trusted.TrustedWebActivityIntent:
    public androidx.browser.trusted.FileHandlingData getFileHandlingData()
    public int getLaunchHandlerClientMode()
    public android.net.Uri getOriginalLaunchUrl()
androidx.browser.trusted.TrustedWebActivityIntentBuilder:
    public static final java.lang.String EXTRA_ADDITIONAL_TRUSTED_ORIGINS
    public static final java.lang.String EXTRA_DISPLAY_MODE
    public static final java.lang.String EXTRA_FILE_HANDLING_DATA
    public static final java.lang.String EXTRA_LAUNCH_HANDLER_CLIENT_MODE
    public static final java.lang.String EXTRA_ORIGINAL_LAUNCH_URL
    public static final java.lang.String EXTRA_SCREEN_ORIENTATION
    public static final java.lang.String EXTRA_SHARE_DATA
    public static final java.lang.String EXTRA_SHARE_TARGET
    public static final java.lang.String EXTRA_SPLASH_SCREEN_PARAMS
    public androidx.browser.trusted.TrustedWebActivityDisplayMode getDisplayMode()
    public androidx.browser.trusted.TrustedWebActivityIntentBuilder setDefaultColorSchemeParams(androidx.browser.customtabs.CustomTabColorSchemeParams)
androidx.browser.trusted.TrustedWebActivityService:
    public static final java.lang.String ACTION_TRUSTED_WEB_ACTIVITY_SERVICE
    public static final java.lang.String KEY_SMALL_ICON_BITMAP
    public static final java.lang.String KEY_SUCCESS
    public static final java.lang.String META_DATA_NAME_SMALL_ICON
    public static final int SMALL_ICON_NOT_SET
androidx.browser.trusted.TrustedWebActivityServiceConnection$1
androidx.browser.trusted.TrustedWebActivityServiceConnection$ActiveNotificationsArgs:
    public static androidx.browser.trusted.TrustedWebActivityServiceConnection$ActiveNotificationsArgs fromBundle(android.os.Bundle)
androidx.browser.trusted.TrustedWebActivityServiceConnection$CancelNotificationArgs:
    public android.os.Bundle toBundle()
androidx.browser.trusted.TrustedWebActivityServiceConnection$NotificationsEnabledArgs:
    public android.os.Bundle toBundle()
androidx.browser.trusted.TrustedWebActivityServiceConnection$NotifyNotificationArgs:
    public android.os.Bundle toBundle()